
*** Running vivado
    with args -log dds_compiler_0.vds -m64 -product Vivado -mode batch -messageDb vivado.pb -notrace -source dds_compiler_0.tcl


****** Vivado v2017.3.1 (64-bit)
  **** SW Build 2035080 on Fri Oct 20 14:20:01 MDT 2017
  **** IP Build 2034413 on Fri Oct 20 15:56:25 MDT 2017
    ** Copyright 1986-2017 Xilinx, Inc. All Rights Reserved.

source dds_compiler_0.tcl -notrace
Starting RTL Elaboration : Time (s): cpu = 00:00:07 ; elapsed = 00:00:09 . Memory (MB): peak = 378.563 ; gain = 96.289
INFO: [Synth 8-638] synthesizing module 'dds_compiler_0' [p:/18summer/engs031/G18/final_31/final_31.srcs/sources_1/ip/dds_compiler_0/synth/dds_compiler_0.vhd:69]
INFO: [Synth 8-256] done synthesizing module 'dds_compiler_0' (7#1) [p:/18summer/engs031/G18/final_31/final_31.srcs/sources_1/ip/dds_compiler_0/synth/dds_compiler_0.vhd:69]
Finished RTL Elaboration : Time (s): cpu = 00:00:12 ; elapsed = 00:00:15 . Memory (MB): peak = 449.703 ; gain = 167.430
Finished RTL Optimization Phase 1 : Time (s): cpu = 00:00:12 ; elapsed = 00:00:17 . Memory (MB): peak = 449.703 ; gain = 167.430
INFO: [Device 21-403] Loading part xc7a35tcpg236-1
Constraint Validation Runtime : Time (s): cpu = 00:00:00 ; elapsed = 00:00:00.043 . Memory (MB): peak = 730.738 ; gain = 0.000
Finished Constraint Validation : Time (s): cpu = 00:00:23 ; elapsed = 00:00:32 . Memory (MB): peak = 730.738 ; gain = 448.465
Finished Loading Part and Timing Information : Time (s): cpu = 00:00:23 ; elapsed = 00:00:32 . Memory (MB): peak = 730.738 ; gain = 448.465
Finished applying 'set_property' XDC Constraints : Time (s): cpu = 00:00:23 ; elapsed = 00:00:32 . Memory (MB): peak = 730.738 ; gain = 448.465
Finished RTL Optimization Phase 2 : Time (s): cpu = 00:00:23 ; elapsed = 00:00:32 . Memory (MB): peak = 730.738 ; gain = 448.465
Finished Cross Boundary and Area Optimization : Time (s): cpu = 00:00:24 ; elapsed = 00:00:33 . Memory (MB): peak = 730.738 ; gain = 448.465
Finished Applying XDC Timing Constraints : Time (s): cpu = 00:00:32 ; elapsed = 00:00:42 . Memory (MB): peak = 730.738 ; gain = 448.465
Finished Timing Optimization : Time (s): cpu = 00:00:32 ; elapsed = 00:00:42 . Memory (MB): peak = 730.738 ; gain = 448.465
Finished Technology Mapping : Time (s): cpu = 00:00:32 ; elapsed = 00:00:42 . Memory (MB): peak = 730.738 ; gain = 448.465
Finished IO Insertion : Time (s): cpu = 00:00:33 ; elapsed = 00:00:43 . Memory (MB): peak = 730.738 ; gain = 448.465
Finished Renaming Generated Instances : Time (s): cpu = 00:00:33 ; elapsed = 00:00:43 . Memory (MB): peak = 730.738 ; gain = 448.465
Finished Rebuilding User Hierarchy : Time (s): cpu = 00:00:33 ; elapsed = 00:00:43 . Memory (MB): peak = 730.738 ; gain = 448.465
Finished Renaming Generated Ports : Time (s): cpu = 00:00:33 ; elapsed = 00:00:43 . Memory (MB): peak = 730.738 ; gain = 448.465
Finished Handling Custom Attributes : Time (s): cpu = 00:00:33 ; elapsed = 00:00:43 . Memory (MB): peak = 730.738 ; gain = 448.465
Finished Renaming Generated Nets : Time (s): cpu = 00:00:33 ; elapsed = 00:00:43 . Memory (MB): peak = 730.738 ; gain = 448.465

Report Cell Usage: 
+------+-----------+------+
|      |Cell       |Count |
+------+-----------+------+
|1     |CARRY4     |     6|
|2     |LUT2       |     4|
|3     |LUT3       |    28|
|4     |LUT4       |    17|
|5     |LUT5       |     4|
|6     |LUT6       |     6|
|7     |RAMB18E1_2 |     1|
|8     |SRL16E     |     5|
|9     |FDRE       |    96|
+------+-----------+------+
Finished Writing Synthesis Report : Time (s): cpu = 00:00:33 ; elapsed = 00:00:43 . Memory (MB): peak = 730.738 ; gain = 448.465
synth_design: Time (s): cpu = 00:00:35 ; elapsed = 00:00:45 . Memory (MB): peak = 730.738 ; gain = 457.484
