Copyright 1986-2017 Xilinx, Inc. All Rights Reserved.
------------------------------------------------------------------------------------------------------------------------------------------
| Tool Version : Vivado v.2017.3.1 (win64) Build 2035080 Fri Oct 20 14:20:01 MDT 2017
| Date         : Mon Aug 13 20:44:19 2018
| Host         : MECHA-8 running 64-bit major release  (build 9200)
| Command      : report_drc -file instrument_shell_drc_routed.rpt -pb instrument_shell_drc_routed.pb -rpx instrument_shell_drc_routed.rpx
| Design       : instrument_shell
| Device       : xc7a35tcpg236-1
| Speed File   : -1
| Design State : Routed
------------------------------------------------------------------------------------------------------------------------------------------

Report DRC

Table of Contents
-----------------
1. REPORT SUMMARY
2. REPORT DETAILS

1. REPORT SUMMARY
-----------------
            Netlist: netlist
          Floorplan: design_1
      Design limits: <entire design considered>
           Ruledeck: default
             Max violations: <unlimited>
             Violations found: 1
+----------+----------+-------------------+------------+
| Rule     | Severity | Description       | Violations |
+----------+----------+-------------------+------------+
| PDRC-153 | Warning  | Gated clock check | 1          |
+----------+----------+-------------------+------------+

2. REPORT DETAILS
-----------------
PDRC-153#1 Warning
Gated clock check  
Net i_reg[8]_i_2_n_0 is a gated clock net sourced by a combinational pin i_reg[8]_i_2/O, cell i_reg[8]_i_2. This is not good design practice and will likely impact performance. For SLICE registers, for example, use the CE pin to control the loading of data.
Related violations: <none>


