Copyright 1986-2017 Xilinx, Inc. All Rights Reserved.
-----------------------------------------------------------------------------------------------------------------------------------------------------------
| Tool Version : Vivado v.2017.3.1 (win64) Build 2035080 Fri Oct 20 14:20:01 MDT 2017
| Date         : Mon Aug 13 20:44:20 2018
| Host         : MECHA-8 running 64-bit major release  (build 9200)
| Command      : report_timing_summary -file instrument_shell_timing_summary_routed.rpt -warn_on_violation -rpx instrument_shell_timing_summary_routed.rpx
| Design       : instrument_shell
| Device       : 7a35t-cpg236
| Speed File   : -1  PRODUCTION 1.19 2017-08-11
-----------------------------------------------------------------------------------------------------------------------------------------------------------

Timing Summary Report

------------------------------------------------------------------------------------------------
| Timer Settings
| --------------
------------------------------------------------------------------------------------------------

  Enable Multi Corner Analysis               :  Yes
  Enable Pessimism Removal                   :  Yes
  Pessimism Removal Resolution               :  Nearest Common Node
  Enable Input Delay Default Clock           :  No
  Enable Preset / Clear Arcs                 :  No
  Disable Flight Delays                      :  No
  Ignore I/O Paths                           :  No
  Timing Early Launch at Borrowing Latches   :  false

  Corner  Analyze    Analyze    
  Name    Max Paths  Min Paths  
  ------  ---------  ---------  
  Slow    Yes        Yes        
  Fast    Yes        Yes        



check_timing report

Table of Contents
-----------------
1. checking no_clock
2. checking constant_clock
3. checking pulse_width_clock
4. checking unconstrained_internal_endpoints
5. checking no_input_delay
6. checking no_output_delay
7. checking multiple_clock
8. checking generated_clocks
9. checking loops
10. checking partial_input_delay
11. checking partial_output_delay
12. checking latch_loops

1. checking no_clock
--------------------
 There are 30 register/latch pins with no clock driven by root clock pin: aclk_unbuf_reg/Q (HIGH)

 There are 9 register/latch pins with no clock driven by root clock pin: curr_state_reg[0]/Q (HIGH)

 There are 9 register/latch pins with no clock driven by root clock pin: curr_state_reg[1]/Q (HIGH)


2. checking constant_clock
--------------------------
 There are 0 register/latch pins with constant_clock.


3. checking pulse_width_clock
-----------------------------
 There are 0 register/latch pins which need pulse_width check


4. checking unconstrained_internal_endpoints
--------------------------------------------
 There are 76 pins that are not constrained for maximum delay. (HIGH)

 There are 0 pins that are not constrained for maximum delay due to constant clock.


5. checking no_input_delay
--------------------------
 There is 1 input port with no input delay specified. (HIGH)

 There are 0 input ports with no input delay but user has a false path constraint.


6. checking no_output_delay
---------------------------
 There are 11 ports with no output delay specified. (HIGH)

 There are 0 ports with no output delay but user has a false path constraint

 There are 0 ports with no output delay but with a timing clock defined on it or propagating through it


7. checking multiple_clock
--------------------------
 There are 0 register/latch pins with multiple clocks.


8. checking generated_clocks
----------------------------
 There are 0 generated clocks that are not connected to a clock source.


9. checking loops
-----------------
 There are 0 combinational loops in the design.


10. checking partial_input_delay
--------------------------------
 There are 0 input ports with partial input delay specified.


11. checking partial_output_delay
---------------------------------
 There are 0 ports with partial output delay specified.


12. checking latch_loops
------------------------
 There are 0 combinational latch loops in the design through latch input



------------------------------------------------------------------------------------------------
| Design Timing Summary
| ---------------------
------------------------------------------------------------------------------------------------

    WNS(ns)      TNS(ns)  TNS Failing Endpoints  TNS Total Endpoints      WHS(ns)      THS(ns)  THS Failing Endpoints  THS Total Endpoints     WPWS(ns)     TPWS(ns)  TPWS Failing Endpoints  TPWS Total Endpoints  
    -------      -------  ---------------------  -------------------      -------      -------  ---------------------  -------------------     --------     --------  ----------------------  --------------------  
     17.308        0.000                      0                   10        0.225        0.000                      0                   10        9.500        0.000                       0                    11  


All user specified timing constraints are met.


------------------------------------------------------------------------------------------------
| Clock Summary
| -------------
------------------------------------------------------------------------------------------------

Clock        Waveform(ns)       Period(ns)      Frequency(MHz)
-----        ------------       ----------      --------------
sys_clk_pin  {0.000 10.000}     20.000          50.000          


------------------------------------------------------------------------------------------------
| Intra Clock Table
| -----------------
------------------------------------------------------------------------------------------------

Clock             WNS(ns)      TNS(ns)  TNS Failing Endpoints  TNS Total Endpoints      WHS(ns)      THS(ns)  THS Failing Endpoints  THS Total Endpoints     WPWS(ns)     TPWS(ns)  TPWS Failing Endpoints  TPWS Total Endpoints  
-----             -------      -------  ---------------------  -------------------      -------      -------  ---------------------  -------------------     --------     --------  ----------------------  --------------------  
sys_clk_pin        17.308        0.000                      0                   10        0.225        0.000                      0                   10        9.500        0.000                       0                    11  


------------------------------------------------------------------------------------------------
| Inter Clock Table
| -----------------
------------------------------------------------------------------------------------------------

From Clock    To Clock          WNS(ns)      TNS(ns)  TNS Failing Endpoints  TNS Total Endpoints      WHS(ns)      THS(ns)  THS Failing Endpoints  THS Total Endpoints  
----------    --------          -------      -------  ---------------------  -------------------      -------      -------  ---------------------  -------------------  


------------------------------------------------------------------------------------------------
| Other Path Groups Table
| -----------------------
------------------------------------------------------------------------------------------------

Path Group    From Clock    To Clock          WNS(ns)      TNS(ns)  TNS Failing Endpoints  TNS Total Endpoints      WHS(ns)      THS(ns)  THS Failing Endpoints  THS Total Endpoints  
----------    ----------    --------          -------      -------  ---------------------  -------------------      -------      -------  ---------------------  -------------------  


------------------------------------------------------------------------------------------------
| Timing Details
| --------------
------------------------------------------------------------------------------------------------


---------------------------------------------------------------------------------------------------
From Clock:  sys_clk_pin
  To Clock:  sys_clk_pin

Setup :            0  Failing Endpoints,  Worst Slack       17.308ns,  Total Violation        0.000ns
Hold  :            0  Failing Endpoints,  Worst Slack        0.225ns,  Total Violation        0.000ns
PW    :            0  Failing Endpoints,  Worst Slack        9.500ns,  Total Violation        0.000ns
---------------------------------------------------------------------------------------------------


Max Delay Paths
--------------------------------------------------------------------------------------
Slack (MET) :             17.308ns  (required time - arrival time)
  Source:                 aclkdiv_reg[1]/C
                            (rising edge-triggered cell FDRE clocked by sys_clk_pin  {rise@0.000ns fall@10.000ns period=20.000ns})
  Destination:            aclkdiv_reg[6]/D
                            (rising edge-triggered cell FDRE clocked by sys_clk_pin  {rise@0.000ns fall@10.000ns period=20.000ns})
  Path Group:             sys_clk_pin
  Path Type:              Setup (Max at Slow Process Corner)
  Requirement:            20.000ns  (sys_clk_pin rise@20.000ns - sys_clk_pin rise@0.000ns)
  Data Path Delay:        2.666ns  (logic 1.069ns (40.099%)  route 1.597ns (59.901%))
  Logic Levels:           2  (LUT2=1 LUT6=1)
  Clock Path Skew:        -0.022ns (DCD - SCD + CPR)
    Destination Clock Delay (DCD):    4.786ns = ( 24.786 - 20.000 ) 
    Source Clock Delay      (SCD):    5.086ns
    Clock Pessimism Removal (CPR):    0.278ns
  Clock Uncertainty:      0.035ns  ((TSJ^2 + TIJ^2)^1/2 + DJ) / 2 + PE
    Total System Jitter     (TSJ):    0.071ns
    Total Input Jitter      (TIJ):    0.000ns
    Discrete Jitter          (DJ):    0.000ns
    Phase Error              (PE):    0.000ns

    Location             Delay type                Incr(ns)  Path(ns)    Netlist Resource(s)
  -------------------------------------------------------------------    -------------------
                         (clock sys_clk_pin rise edge)
                                                      0.000     0.000 r  
    W5                                                0.000     0.000 r  mclk (IN)
                         net (fo=0)                   0.000     0.000    mclk
    W5                   IBUF (Prop_ibuf_I_O)         1.458     1.458 r  mclk_IBUF_inst/O
                         net (fo=1, routed)           1.967     3.425    mclk_IBUF
    BUFGCTRL_X0Y1        BUFG (Prop_bufg_I_O)         0.096     3.521 r  mclk_IBUF_BUFG_inst/O
                         net (fo=10, routed)          1.565     5.086    mclk_IBUF_BUFG
    SLICE_X36Y46         FDRE                                         r  aclkdiv_reg[1]/C
  -------------------------------------------------------------------    -------------------
    SLICE_X36Y46         FDRE (Prop_fdre_C_Q)         0.419     5.505 f  aclkdiv_reg[1]/Q
                         net (fo=5, routed)           0.711     6.217    aclkdiv_reg_n_0_[1]
    SLICE_X36Y46         LUT2 (Prop_lut2_I1_O)        0.324     6.541 r  aclkdiv[6]_i_2/O
                         net (fo=3, routed)           0.886     7.426    aclkdiv[6]_i_2_n_0
    SLICE_X37Y46         LUT6 (Prop_lut6_I2_O)        0.326     7.752 r  aclkdiv[6]_i_1/O
                         net (fo=1, routed)           0.000     7.752    aclkdiv[6]
    SLICE_X37Y46         FDRE                                         r  aclkdiv_reg[6]/D
  -------------------------------------------------------------------    -------------------

                         (clock sys_clk_pin rise edge)
                                                     20.000    20.000 r  
    W5                                                0.000    20.000 r  mclk (IN)
                         net (fo=0)                   0.000    20.000    mclk
    W5                   IBUF (Prop_ibuf_I_O)         1.388    21.388 r  mclk_IBUF_inst/O
                         net (fo=1, routed)           1.862    23.250    mclk_IBUF
    BUFGCTRL_X0Y1        BUFG (Prop_bufg_I_O)         0.091    23.341 r  mclk_IBUF_BUFG_inst/O
                         net (fo=10, routed)          1.445    24.786    mclk_IBUF_BUFG
    SLICE_X37Y46         FDRE                                         r  aclkdiv_reg[6]/C
                         clock pessimism              0.278    25.064    
                         clock uncertainty           -0.035    25.029    
    SLICE_X37Y46         FDRE (Setup_fdre_C_D)        0.031    25.060    aclkdiv_reg[6]
  -------------------------------------------------------------------
                         required time                         25.060    
                         arrival time                          -7.752    
  -------------------------------------------------------------------
                         slack                                 17.308    





Min Delay Paths
--------------------------------------------------------------------------------------
Slack (MET) :             0.225ns  (arrival time - required time)
  Source:                 aclkdiv_reg[5]/C
                            (rising edge-triggered cell FDRE clocked by sys_clk_pin  {rise@0.000ns fall@10.000ns period=20.000ns})
  Destination:            aclkdiv_reg[6]/D
                            (rising edge-triggered cell FDRE clocked by sys_clk_pin  {rise@0.000ns fall@10.000ns period=20.000ns})
  Path Group:             sys_clk_pin
  Path Type:              Hold (Min at Fast Process Corner)
  Requirement:            0.000ns  (sys_clk_pin rise@0.000ns - sys_clk_pin rise@0.000ns)
  Data Path Delay:        0.317ns  (logic 0.186ns (58.653%)  route 0.131ns (41.347%))
  Logic Levels:           1  (LUT6=1)
  Clock Path Skew:        0.000ns (DCD - SCD - CPR)
    Destination Clock Delay (DCD):    1.959ns
    Source Clock Delay      (SCD):    1.446ns
    Clock Pessimism Removal (CPR):    0.513ns

    Location             Delay type                Incr(ns)  Path(ns)    Netlist Resource(s)
  -------------------------------------------------------------------    -------------------
                         (clock sys_clk_pin rise edge)
                                                      0.000     0.000 r  
    W5                                                0.000     0.000 r  mclk (IN)
                         net (fo=0)                   0.000     0.000    mclk
    W5                   IBUF (Prop_ibuf_I_O)         0.226     0.226 r  mclk_IBUF_inst/O
                         net (fo=1, routed)           0.631     0.858    mclk_IBUF
    BUFGCTRL_X0Y1        BUFG (Prop_bufg_I_O)         0.026     0.884 r  mclk_IBUF_BUFG_inst/O
                         net (fo=10, routed)          0.563     1.446    mclk_IBUF_BUFG
    SLICE_X37Y46         FDRE                                         r  aclkdiv_reg[5]/C
  -------------------------------------------------------------------    -------------------
    SLICE_X37Y46         FDRE (Prop_fdre_C_Q)         0.141     1.587 r  aclkdiv_reg[5]/Q
                         net (fo=4, routed)           0.131     1.718    aclkdiv_reg_n_0_[5]
    SLICE_X37Y46         LUT6 (Prop_lut6_I1_O)        0.045     1.763 r  aclkdiv[6]_i_1/O
                         net (fo=1, routed)           0.000     1.763    aclkdiv[6]
    SLICE_X37Y46         FDRE                                         r  aclkdiv_reg[6]/D
  -------------------------------------------------------------------    -------------------

                         (clock sys_clk_pin rise edge)
                                                      0.000     0.000 r  
    W5                                                0.000     0.000 r  mclk (IN)
                         net (fo=0)                   0.000     0.000    mclk
    W5                   IBUF (Prop_ibuf_I_O)         0.414     0.414 r  mclk_IBUF_inst/O
                         net (fo=1, routed)           0.685     1.099    mclk_IBUF
    BUFGCTRL_X0Y1        BUFG (Prop_bufg_I_O)         0.029     1.128 r  mclk_IBUF_BUFG_inst/O
                         net (fo=10, routed)          0.832     1.959    mclk_IBUF_BUFG
    SLICE_X37Y46         FDRE                                         r  aclkdiv_reg[6]/C
                         clock pessimism             -0.513     1.446    
    SLICE_X37Y46         FDRE (Hold_fdre_C_D)         0.092     1.538    aclkdiv_reg[6]
  -------------------------------------------------------------------
                         required time                         -1.538    
                         arrival time                           1.763    
  -------------------------------------------------------------------
                         slack                                  0.225    





Pulse Width Checks
--------------------------------------------------------------------------------------
Clock Name:         sys_clk_pin
Waveform(ns):       { 0.000 10.000 }
Period(ns):         20.000
Sources:            { mclk }

Check Type        Corner  Lib Pin  Reference Pin  Required(ns)  Actual(ns)  Slack(ns)  Location       Pin
Min Period        n/a     BUFG/I   n/a            2.155         20.000      17.845     BUFGCTRL_X0Y1  mclk_IBUF_BUFG_inst/I
Low Pulse Width   Fast    FDRE/C   n/a            0.500         10.000      9.500      SLICE_X37Y46   aclk_unbuf_reg/C
High Pulse Width  Slow    FDRE/C   n/a            0.500         10.000      9.500      SLICE_X37Y46   aclk_unbuf_reg/C



